0 info it worked if it ends with ok
1 verbose cli [ '/usr/local/Cellar/node/6.7.0/bin/node',
1 verbose cli   '/usr/local/bin/npm',
1 verbose cli   'run',
1 verbose cli   'dashboard' ]
2 info using npm@3.10.8
3 info using node@v6.7.0
4 verbose run-script [ 'predashboard', 'dashboard', 'postdashboard' ]
5 info lifecycle uoptrack@1.0.0~predashboard: uoptrack@1.0.0
6 silly lifecycle uoptrack@1.0.0~predashboard: no script for predashboard, continuing
7 info lifecycle uoptrack@1.0.0~dashboard: uoptrack@1.0.0
8 verbose lifecycle uoptrack@1.0.0~dashboard: unsafe-perm in lifecycle true
9 verbose lifecycle uoptrack@1.0.0~dashboard: PATH: /usr/local/lib/node_modules/npm/bin/node-gyp-bin:/Users/samuel/code/sites/uoptrack/node_modules/.bin:/usr/local/Cellar/node/6.7.0/bin:/usr/local/bin:/usr/bin:/bin:/usr/sbin:/sbin:/Applications/Wireshark.app/Contents/MacOS
10 verbose lifecycle uoptrack@1.0.0~dashboard: CWD: /Users/samuel/code/sites/uoptrack
11 silly lifecycle uoptrack@1.0.0~dashboard: Args: [ '-c', 'node --use_strict ./server.js' ]
12 silly lifecycle uoptrack@1.0.0~dashboard: Returned: code: 1  signal: null
13 info lifecycle uoptrack@1.0.0~dashboard: Failed to exec dashboard script
14 verbose stack Error: uoptrack@1.0.0 dashboard: `node --use_strict ./server.js`
14 verbose stack Exit status 1
14 verbose stack     at EventEmitter.<anonymous> (/usr/local/lib/node_modules/npm/lib/utils/lifecycle.js:255:16)
14 verbose stack     at emitTwo (events.js:106:13)
14 verbose stack     at EventEmitter.emit (events.js:191:7)
14 verbose stack     at ChildProcess.<anonymous> (/usr/local/lib/node_modules/npm/lib/utils/spawn.js:40:14)
14 verbose stack     at emitTwo (events.js:106:13)
14 verbose stack     at ChildProcess.emit (events.js:191:7)
14 verbose stack     at maybeClose (internal/child_process.js:877:16)
14 verbose stack     at Process.ChildProcess._handle.onexit (internal/child_process.js:226:5)
15 verbose pkgid uoptrack@1.0.0
16 verbose cwd /Users/samuel/code/sites/uoptrack
17 error Darwin 16.0.0
18 error argv "/usr/local/Cellar/node/6.7.0/bin/node" "/usr/local/bin/npm" "run" "dashboard"
19 error node v6.7.0
20 error npm  v3.10.8
21 error code ELIFECYCLE
22 error uoptrack@1.0.0 dashboard: `node --use_strict ./server.js`
22 error Exit status 1
23 error Failed at the uoptrack@1.0.0 dashboard script 'node --use_strict ./server.js'.
23 error Make sure you have the latest version of node.js and npm installed.
23 error If you do, this is most likely a problem with the uoptrack package,
23 error not with npm itself.
23 error Tell the author that this fails on your system:
23 error     node --use_strict ./server.js
23 error You can get information on how to open an issue for this project with:
23 error     npm bugs uoptrack
23 error Or if that isn't available, you can get their info via:
23 error     npm owner ls uoptrack
23 error There is likely additional logging output above.
24 verbose exit [ 1, true ]
